Arguments: 
  /usr/local/bin/node /usr/local/Cellar/yarn/1.3.2/libexec/bin/yarn.js add ava --dev

PATH: 
  /opt/local/bin:/opt/local/sbin:/Library/Frameworks/Python.framework/Versions/3.6/bin:/usr/local/bin:/usr/bin:/bin:/usr/sbin:/sbin

Yarn version: 
  1.3.2

Node version: 
  9.2.0

Platform: 
  darwin x64

npm manifest: 
  {
    "name": "get-rhymes",
    "version": "0.0.1",
    "description":
      "Pull great rhymes from RhymeZone and B-Rhymes. Includes near rhymes.",
    "main": "src/index.js",
    "scripts": {
      "test": "ava"
    },
    "repository": {
      "type": "git",
      "url": "git+https://github.com/noise-machines/get-rhymes.git"
    },
    "keywords": [
      "rhyme",
      "poetry",
      "rhymes",
      "rhyming",
      "dictionary",
      "rhymezone",
      "b-rhymes"
    ],
    "author": "C. Thomas Bailey (https://github.com/noise-machines)",
    "license": "MIT",
    "bugs": {
      "url": "https://github.com/noise-machines/get-rhymes/issues"
    },
    "homepage": "https://github.com/noise-machines/get-rhymes#readme",
    "dependencies": {
      "cheerio": "^1.0.0-rc.2",
      "lodash.sortby": "^4.7.0",
      "lodash.uniq": "^4.5.0",
      "node-fetch": "^1.7.3"
    },
    "devDependencies": {
      "lodash.isstring": "^4.0.1"
    }
  }

yarn manifest: 
  No manifest

Lockfile: 
  No lockfile

Trace: 
  Error: https://registry.yarnpkg.com/@ava%2fbabel-preset-stage-4: User not found
      at Request.params.callback [as _callback] (/usr/local/Cellar/yarn/1.3.2/libexec/lib/cli.js:62098:18)
      at Request.self.callback (/usr/local/Cellar/yarn/1.3.2/libexec/lib/cli.js:123085:22)
      at Request.emit (events.js:159:13)
      at Request.<anonymous> (/usr/local/Cellar/yarn/1.3.2/libexec/lib/cli.js:124068:10)
      at Request.emit (events.js:159:13)
      at IncomingMessage.<anonymous> (/usr/local/Cellar/yarn/1.3.2/libexec/lib/cli.js:123988:12)
      at Object.onceWrapper (events.js:254:19)
      at IncomingMessage.emit (events.js:164:20)
      at endReadableNT (_stream_readable.js:1054:12)
      at _combinedTickCallback (internal/process/next_tick.js:138:11)
